The system is: Linux - 4.12.14-95.48-default - x86_64
Compiling the C compiler identification source file "CMakeCCompilerId.c" succeeded.
Compiler: /usr/bin/cc 
Build flags: 
Id flags:  

The output was:
0


Compilation of the C compiler identification source "CMakeCCompilerId.c" produced "a.out"

The C compiler identification is GNU, found in "/home/9/16B02273/Sentencepiece_py/src/build_spm/CMakeFiles/3.17.2/CompilerIdC/a.out"

Compiling the CXX compiler identification source file "CMakeCXXCompilerId.cpp" succeeded.
Compiler: /usr/bin/c++ 
Build flags: 
Id flags:  

The output was:
0


Compilation of the CXX compiler identification source "CMakeCXXCompilerId.cpp" produced "a.out"

The CXX compiler identification is GNU, found in "/home/9/16B02273/Sentencepiece_py/src/build_spm/CMakeFiles/3.17.2/CompilerIdCXX/a.out"

Determining if the C compiler works passed with the following output:
Change Dir: /home/9/16B02273/Sentencepiece_py/src/build_spm/CMakeFiles/CMakeTmp

Run Build Command(s):/usr/bin/gmake cmTC_259bd/fast && /usr/bin/gmake  -f CMakeFiles/cmTC_259bd.dir/build.make CMakeFiles/cmTC_259bd.dir/build
gmake[1]: Entering directory '/home/9/16B02273/Sentencepiece_py/src/build_spm/CMakeFiles/CMakeTmp'
Building C object CMakeFiles/cmTC_259bd.dir/testCCompiler.c.o
/usr/bin/cc    -o CMakeFiles/cmTC_259bd.dir/testCCompiler.c.o   -c /home/9/16B02273/Sentencepiece_py/src/build_spm/CMakeFiles/CMakeTmp/testCCompiler.c
Linking C executable cmTC_259bd
/apps/t3/sles12sp2/gsic/cmake/3.17.2/bin/cmake -E cmake_link_script CMakeFiles/cmTC_259bd.dir/link.txt --verbose=1
/usr/bin/cc      -rdynamic CMakeFiles/cmTC_259bd.dir/testCCompiler.c.o  -o cmTC_259bd 
gmake[1]: Leaving directory '/home/9/16B02273/Sentencepiece_py/src/build_spm/CMakeFiles/CMakeTmp'



Detecting C compiler ABI info compiled with the following output:
Change Dir: /home/9/16B02273/Sentencepiece_py/src/build_spm/CMakeFiles/CMakeTmp

Run Build Command(s):/usr/bin/gmake cmTC_61ea4/fast && /usr/bin/gmake  -f CMakeFiles/cmTC_61ea4.dir/build.make CMakeFiles/cmTC_61ea4.dir/build
gmake[1]: Entering directory '/home/9/16B02273/Sentencepiece_py/src/build_spm/CMakeFiles/CMakeTmp'
Building C object CMakeFiles/cmTC_61ea4.dir/CMakeCCompilerABI.c.o
/usr/bin/cc   -v -o CMakeFiles/cmTC_61ea4.dir/CMakeCCompilerABI.c.o   -c /apps/t3/sles12sp2/gsic/cmake/3.17.2/share/cmake-3.17/Modules/CMakeCCompilerABI.c
Using built-in specs.
COLLECT_GCC=/usr/bin/cc
Target: x86_64-suse-linux
Configured with: ../configure --prefix=/usr --infodir=/usr/share/info --mandir=/usr/share/man --libdir=/usr/lib64 --libexecdir=/usr/lib64 --enable-languages=c,c++,objc,fortran,obj-c++,java,ada --enable-checking=release --with-gxx-include-dir=/usr/include/c++/4.8 --enable-ssp --disable-libssp --disable-plugin --with-bugurl=https://bugs.opensuse.org/ --with-pkgversion='SUSE Linux' --disable-libgcj --disable-libmudflap --with-slibdir=/lib64 --with-system-zlib --enable-__cxa_atexit --enable-libstdcxx-allocator=new --disable-libstdcxx-pch --enable-version-specific-runtime-libs --enable-linker-build-id --enable-linux-futex --program-suffix=-4.8 --without-system-libunwind --with-arch-32=i586 --with-tune=generic --build=x86_64-suse-linux --host=x86_64-suse-linux
Thread model: posix
gcc version 4.8.5 (SUSE Linux) 
COLLECT_GCC_OPTIONS='-v' '-o' 'CMakeFiles/cmTC_61ea4.dir/CMakeCCompilerABI.c.o' '-c' '-mtune=generic' '-march=x86-64'
 /usr/lib64/gcc/x86_64-suse-linux/4.8/cc1 -quiet -v /apps/t3/sles12sp2/gsic/cmake/3.17.2/share/cmake-3.17/Modules/CMakeCCompilerABI.c -quiet -dumpbase CMakeCCompilerABI.c -mtune=generic -march=x86-64 -auxbase-strip CMakeFiles/cmTC_61ea4.dir/CMakeCCompilerABI.c.o -version -o /tmp/ccYkbBUX.s
GNU C (SUSE Linux) version 4.8.5 (x86_64-suse-linux)
	compiled by GNU C version 4.8.5, GMP version 5.1.3, MPFR version 3.1.2, MPC version 1.0.2
GGC heuristics: --param ggc-min-expand=100 --param ggc-min-heapsize=131072
#include "..." search starts here:
#include <...> search starts here:
 /apps/t3/sles12sp2/free/gcc/8.3.0/include
 /apps/t3/sles12sp2/free/cudnn/7.3/cuda/9.0/include
 /apps/t3/sles12sp4/free/python/3.6.5/gcc4.8.5/include
 /apps/t3/sles12sp2/cuda/9.1.85/include
 /usr/lib64/gcc/x86_64-suse-linux/4.8/include
 /usr/local/include
 /usr/lib64/gcc/x86_64-suse-linux/4.8/include-fixed
 /usr/lib64/gcc/x86_64-suse-linux/4.8/../../../../x86_64-suse-linux/include
 /usr/include
End of search list.
GNU C (SUSE Linux) version 4.8.5 (x86_64-suse-linux)
	compiled by GNU C version 4.8.5, GMP version 5.1.3, MPFR version 3.1.2, MPC version 1.0.2
GGC heuristics: --param ggc-min-expand=100 --param ggc-min-heapsize=131072
Compiler executable checksum: bd3b2e9e51ebe50c83be5752fc6af7ed
COLLECT_GCC_OPTIONS='-v' '-o' 'CMakeFiles/cmTC_61ea4.dir/CMakeCCompilerABI.c.o' '-c' '-mtune=generic' '-march=x86-64'
 /usr/lib64/gcc/x86_64-suse-linux/4.8/../../../../x86_64-suse-linux/bin/as -v --64 -o CMakeFiles/cmTC_61ea4.dir/CMakeCCompilerABI.c.o /tmp/ccYkbBUX.s
GNU assembler version 2.32.0 (x86_64-suse-linux) using BFD version (GNU Binutils; SUSE Linux Enterprise 12) 2.32.0.20190909-9.36
COMPILER_PATH=/usr/lib64/gcc/x86_64-suse-linux/4.8/:/usr/lib64/gcc/x86_64-suse-linux/4.8/:/usr/lib64/gcc/x86_64-suse-linux/:/usr/lib64/gcc/x86_64-suse-linux/4.8/:/usr/lib64/gcc/x86_64-suse-linux/:/usr/lib64/gcc/x86_64-suse-linux/4.8/../../../../x86_64-suse-linux/bin/
LIBRARY_PATH=/apps/t3/sles12sp2/free/gcc/8.3.0/lib64/../lib64/:/apps/t3/sles12sp2/free/cudnn/7.3/cuda/9.0/lib64/../lib64/:/apps/t3/sles12sp2/cuda/9.1.85/extras/CUPTI/lib64/../lib64/:/apps/t3/sles12sp2/cuda/9.1.85/lib64/../lib64/:/usr/lib64/gcc/x86_64-suse-linux/4.8/:/usr/lib64/gcc/x86_64-suse-linux/4.8/../../../../lib64/:/lib/../lib64/:/usr/lib/../lib64/:/apps/t3/sles12sp2/free/gcc/8.3.0/lib64/:/apps/t3/sles12sp2/free/cudnn/7.3/cuda/9.0/lib64/:/apps/t3/sles12sp2/cuda/9.1.85/extras/CUPTI/lib64/:/apps/t3/sles12sp2/cuda/9.1.85/lib64/:/apps/t3/sles12sp4/free/python/3.6.5/gcc4.8.5/lib/:/usr/lib64/gcc/x86_64-suse-linux/4.8/../../../../x86_64-suse-linux/lib/:/usr/lib64/gcc/x86_64-suse-linux/4.8/../../../:/lib/:/usr/lib/
COLLECT_GCC_OPTIONS='-v' '-o' 'CMakeFiles/cmTC_61ea4.dir/CMakeCCompilerABI.c.o' '-c' '-mtune=generic' '-march=x86-64'
Linking C executable cmTC_61ea4
/apps/t3/sles12sp2/gsic/cmake/3.17.2/bin/cmake -E cmake_link_script CMakeFiles/cmTC_61ea4.dir/link.txt --verbose=1
/usr/bin/cc     -v -rdynamic CMakeFiles/cmTC_61ea4.dir/CMakeCCompilerABI.c.o  -o cmTC_61ea4 
Using built-in specs.
COLLECT_GCC=/usr/bin/cc
COLLECT_LTO_WRAPPER=/usr/lib64/gcc/x86_64-suse-linux/4.8/lto-wrapper
Target: x86_64-suse-linux
Configured with: ../configure --prefix=/usr --infodir=/usr/share/info --mandir=/usr/share/man --libdir=/usr/lib64 --libexecdir=/usr/lib64 --enable-languages=c,c++,objc,fortran,obj-c++,java,ada --enable-checking=release --with-gxx-include-dir=/usr/include/c++/4.8 --enable-ssp --disable-libssp --disable-plugin --with-bugurl=https://bugs.opensuse.org/ --with-pkgversion='SUSE Linux' --disable-libgcj --disable-libmudflap --with-slibdir=/lib64 --with-system-zlib --enable-__cxa_atexit --enable-libstdcxx-allocator=new --disable-libstdcxx-pch --enable-version-specific-runtime-libs --enable-linker-build-id --enable-linux-futex --program-suffix=-4.8 --without-system-libunwind --with-arch-32=i586 --with-tune=generic --build=x86_64-suse-linux --host=x86_64-suse-linux
Thread model: posix
gcc version 4.8.5 (SUSE Linux) 
COMPILER_PATH=/usr/lib64/gcc/x86_64-suse-linux/4.8/:/usr/lib64/gcc/x86_64-suse-linux/4.8/:/usr/lib64/gcc/x86_64-suse-linux/:/usr/lib64/gcc/x86_64-suse-linux/4.8/:/usr/lib64/gcc/x86_64-suse-linux/:/usr/lib64/gcc/x86_64-suse-linux/4.8/../../../../x86_64-suse-linux/bin/
LIBRARY_PATH=/apps/t3/sles12sp2/free/gcc/8.3.0/lib64/../lib64/:/apps/t3/sles12sp2/free/cudnn/7.3/cuda/9.0/lib64/../lib64/:/apps/t3/sles12sp2/cuda/9.1.85/extras/CUPTI/lib64/../lib64/:/apps/t3/sles12sp2/cuda/9.1.85/lib64/../lib64/:/usr/lib64/gcc/x86_64-suse-linux/4.8/:/usr/lib64/gcc/x86_64-suse-linux/4.8/../../../../lib64/:/lib/../lib64/:/usr/lib/../lib64/:/apps/t3/sles12sp2/free/gcc/8.3.0/lib64/:/apps/t3/sles12sp2/free/cudnn/7.3/cuda/9.0/lib64/:/apps/t3/sles12sp2/cuda/9.1.85/extras/CUPTI/lib64/:/apps/t3/sles12sp2/cuda/9.1.85/lib64/:/apps/t3/sles12sp4/free/python/3.6.5/gcc4.8.5/lib/:/usr/lib64/gcc/x86_64-suse-linux/4.8/../../../../x86_64-suse-linux/lib/:/usr/lib64/gcc/x86_64-suse-linux/4.8/../../../:/lib/:/usr/lib/
COLLECT_GCC_OPTIONS='-v' '-rdynamic' '-o' 'cmTC_61ea4' '-mtune=generic' '-march=x86-64'
 /usr/lib64/gcc/x86_64-suse-linux/4.8/collect2 --build-id --eh-frame-hdr -m elf_x86_64 -export-dynamic -dynamic-linker /lib64/ld-linux-x86-64.so.2 -o cmTC_61ea4 /usr/lib64/gcc/x86_64-suse-linux/4.8/../../../../lib64/crt1.o /usr/lib64/gcc/x86_64-suse-linux/4.8/../../../../lib64/crti.o /usr/lib64/gcc/x86_64-suse-linux/4.8/crtbegin.o -L/apps/t3/sles12sp2/free/gcc/8.3.0/lib64/../lib64 -L/apps/t3/sles12sp2/free/cudnn/7.3/cuda/9.0/lib64/../lib64 -L/apps/t3/sles12sp2/cuda/9.1.85/extras/CUPTI/lib64/../lib64 -L/apps/t3/sles12sp2/cuda/9.1.85/lib64/../lib64 -L/usr/lib64/gcc/x86_64-suse-linux/4.8 -L/usr/lib64/gcc/x86_64-suse-linux/4.8/../../../../lib64 -L/lib/../lib64 -L/usr/lib/../lib64 -L/apps/t3/sles12sp2/free/gcc/8.3.0/lib64 -L/apps/t3/sles12sp2/free/cudnn/7.3/cuda/9.0/lib64 -L/apps/t3/sles12sp2/cuda/9.1.85/extras/CUPTI/lib64 -L/apps/t3/sles12sp2/cuda/9.1.85/lib64 -L/apps/t3/sles12sp4/free/python/3.6.5/gcc4.8.5/lib -L/usr/lib64/gcc/x86_64-suse-linux/4.8/../../../../x86_64-suse-linux/lib -L/usr/lib64/gcc/x86_64-suse-linux/4.8/../../.. CMakeFiles/cmTC_61ea4.dir/CMakeCCompilerABI.c.o -lgcc --as-needed -lgcc_s --no-as-needed -lc -lgcc --as-needed -lgcc_s --no-as-needed /usr/lib64/gcc/x86_64-suse-linux/4.8/crtend.o /usr/lib64/gcc/x86_64-suse-linux/4.8/../../../../lib64/crtn.o
gmake[1]: Leaving directory '/home/9/16B02273/Sentencepiece_py/src/build_spm/CMakeFiles/CMakeTmp'



Parsed C implicit include dir info from above output: rv=done
  found start of include info
  found start of implicit include info
    add: [/apps/t3/sles12sp2/free/gcc/8.3.0/include]
    add: [/apps/t3/sles12sp2/free/cudnn/7.3/cuda/9.0/include]
    add: [/apps/t3/sles12sp4/free/python/3.6.5/gcc4.8.5/include]
    add: [/apps/t3/sles12sp2/cuda/9.1.85/include]
    add: [/usr/lib64/gcc/x86_64-suse-linux/4.8/include]
    add: [/usr/local/include]
    add: [/usr/lib64/gcc/x86_64-suse-linux/4.8/include-fixed]
    add: [/usr/lib64/gcc/x86_64-suse-linux/4.8/../../../../x86_64-suse-linux/include]
    add: [/usr/include]
  end of search list found
  collapse include dir [/apps/t3/sles12sp2/free/gcc/8.3.0/include] ==> [/apps/t3/sles12sp2/free/gcc/8.3.0/include]
  collapse include dir [/apps/t3/sles12sp2/free/cudnn/7.3/cuda/9.0/include] ==> [/apps/t3/sles12sp2/free/cudnn/7.3/cuda/9.0/include]
  collapse include dir [/apps/t3/sles12sp4/free/python/3.6.5/gcc4.8.5/include] ==> [/apps/t3/sles12sp4/free/python/3.6.5/gcc4.8.5/include]
  collapse include dir [/apps/t3/sles12sp2/cuda/9.1.85/include] ==> [/apps/t3/sles12sp2/cuda/9.1.85/include]
  collapse include dir [/usr/lib64/gcc/x86_64-suse-linux/4.8/include] ==> [/usr/lib64/gcc/x86_64-suse-linux/4.8/include]
  collapse include dir [/usr/local/include] ==> [/usr/local/include]
  collapse include dir [/usr/lib64/gcc/x86_64-suse-linux/4.8/include-fixed] ==> [/usr/lib64/gcc/x86_64-suse-linux/4.8/include-fixed]
  collapse include dir [/usr/lib64/gcc/x86_64-suse-linux/4.8/../../../../x86_64-suse-linux/include] ==> [/usr/x86_64-suse-linux/include]
  collapse include dir [/usr/include] ==> [/usr/include]
  implicit include dirs: [/apps/t3/sles12sp2/free/gcc/8.3.0/include;/apps/t3/sles12sp2/free/cudnn/7.3/cuda/9.0/include;/apps/t3/sles12sp4/free/python/3.6.5/gcc4.8.5/include;/apps/t3/sles12sp2/cuda/9.1.85/include;/usr/lib64/gcc/x86_64-suse-linux/4.8/include;/usr/local/include;/usr/lib64/gcc/x86_64-suse-linux/4.8/include-fixed;/usr/x86_64-suse-linux/include;/usr/include]


Parsed C implicit link information from above output:
  link line regex: [^( *|.*[/\])(ld|CMAKE_LINK_STARTFILE-NOTFOUND|([^/\]+-)?ld|collect2)[^/\]*( |$)]
  ignore line: [Change Dir: /home/9/16B02273/Sentencepiece_py/src/build_spm/CMakeFiles/CMakeTmp]
  ignore line: []
  ignore line: [Run Build Command(s):/usr/bin/gmake cmTC_61ea4/fast && /usr/bin/gmake  -f CMakeFiles/cmTC_61ea4.dir/build.make CMakeFiles/cmTC_61ea4.dir/build]
  ignore line: [gmake[1]: Entering directory '/home/9/16B02273/Sentencepiece_py/src/build_spm/CMakeFiles/CMakeTmp']
  ignore line: [Building C object CMakeFiles/cmTC_61ea4.dir/CMakeCCompilerABI.c.o]
  ignore line: [/usr/bin/cc   -v -o CMakeFiles/cmTC_61ea4.dir/CMakeCCompilerABI.c.o   -c /apps/t3/sles12sp2/gsic/cmake/3.17.2/share/cmake-3.17/Modules/CMakeCCompilerABI.c]
  ignore line: [Using built-in specs.]
  ignore line: [COLLECT_GCC=/usr/bin/cc]
  ignore line: [Target: x86_64-suse-linux]
  ignore line: [Configured with: ../configure --prefix=/usr --infodir=/usr/share/info --mandir=/usr/share/man --libdir=/usr/lib64 --libexecdir=/usr/lib64 --enable-languages=c c++ objc fortran obj-c++ java ada --enable-checking=release --with-gxx-include-dir=/usr/include/c++/4.8 --enable-ssp --disable-libssp --disable-plugin --with-bugurl=https://bugs.opensuse.org/ --with-pkgversion='SUSE Linux' --disable-libgcj --disable-libmudflap --with-slibdir=/lib64 --with-system-zlib --enable-__cxa_atexit --enable-libstdcxx-allocator=new --disable-libstdcxx-pch --enable-version-specific-runtime-libs --enable-linker-build-id --enable-linux-futex --program-suffix=-4.8 --without-system-libunwind --with-arch-32=i586 --with-tune=generic --build=x86_64-suse-linux --host=x86_64-suse-linux]
  ignore line: [Thread model: posix]
  ignore line: [gcc version 4.8.5 (SUSE Linux) ]
  ignore line: [COLLECT_GCC_OPTIONS='-v' '-o' 'CMakeFiles/cmTC_61ea4.dir/CMakeCCompilerABI.c.o' '-c' '-mtune=generic' '-march=x86-64']
  ignore line: [ /usr/lib64/gcc/x86_64-suse-linux/4.8/cc1 -quiet -v /apps/t3/sles12sp2/gsic/cmake/3.17.2/share/cmake-3.17/Modules/CMakeCCompilerABI.c -quiet -dumpbase CMakeCCompilerABI.c -mtune=generic -march=x86-64 -auxbase-strip CMakeFiles/cmTC_61ea4.dir/CMakeCCompilerABI.c.o -version -o /tmp/ccYkbBUX.s]
  ignore line: [GNU C (SUSE Linux) version 4.8.5 (x86_64-suse-linux)]
  ignore line: [	compiled by GNU C version 4.8.5  GMP version 5.1.3  MPFR version 3.1.2  MPC version 1.0.2]
  ignore line: [GGC heuristics: --param ggc-min-expand=100 --param ggc-min-heapsize=131072]
  ignore line: [#include "..." search starts here:]
  ignore line: [#include <...> search starts here:]
  ignore line: [ /apps/t3/sles12sp2/free/gcc/8.3.0/include]
  ignore line: [ /apps/t3/sles12sp2/free/cudnn/7.3/cuda/9.0/include]
  ignore line: [ /apps/t3/sles12sp4/free/python/3.6.5/gcc4.8.5/include]
  ignore line: [ /apps/t3/sles12sp2/cuda/9.1.85/include]
  ignore line: [ /usr/lib64/gcc/x86_64-suse-linux/4.8/include]
  ignore line: [ /usr/local/include]
  ignore line: [ /usr/lib64/gcc/x86_64-suse-linux/4.8/include-fixed]
  ignore line: [ /usr/lib64/gcc/x86_64-suse-linux/4.8/../../../../x86_64-suse-linux/include]
  ignore line: [ /usr/include]
  ignore line: [End of search list.]
  ignore line: [GNU C (SUSE Linux) version 4.8.5 (x86_64-suse-linux)]
  ignore line: [	compiled by GNU C version 4.8.5  GMP version 5.1.3  MPFR version 3.1.2  MPC version 1.0.2]
  ignore line: [GGC heuristics: --param ggc-min-expand=100 --param ggc-min-heapsize=131072]
  ignore line: [Compiler executable checksum: bd3b2e9e51ebe50c83be5752fc6af7ed]
  ignore line: [COLLECT_GCC_OPTIONS='-v' '-o' 'CMakeFiles/cmTC_61ea4.dir/CMakeCCompilerABI.c.o' '-c' '-mtune=generic' '-march=x86-64']
  ignore line: [ /usr/lib64/gcc/x86_64-suse-linux/4.8/../../../../x86_64-suse-linux/bin/as -v --64 -o CMakeFiles/cmTC_61ea4.dir/CMakeCCompilerABI.c.o /tmp/ccYkbBUX.s]
  ignore line: [GNU assembler version 2.32.0 (x86_64-suse-linux) using BFD version (GNU Binutils]
  ignore line: [ SUSE Linux Enterprise 12) 2.32.0.20190909-9.36]
  ignore line: [COMPILER_PATH=/usr/lib64/gcc/x86_64-suse-linux/4.8/:/usr/lib64/gcc/x86_64-suse-linux/4.8/:/usr/lib64/gcc/x86_64-suse-linux/:/usr/lib64/gcc/x86_64-suse-linux/4.8/:/usr/lib64/gcc/x86_64-suse-linux/:/usr/lib64/gcc/x86_64-suse-linux/4.8/../../../../x86_64-suse-linux/bin/]
  ignore line: [LIBRARY_PATH=/apps/t3/sles12sp2/free/gcc/8.3.0/lib64/../lib64/:/apps/t3/sles12sp2/free/cudnn/7.3/cuda/9.0/lib64/../lib64/:/apps/t3/sles12sp2/cuda/9.1.85/extras/CUPTI/lib64/../lib64/:/apps/t3/sles12sp2/cuda/9.1.85/lib64/../lib64/:/usr/lib64/gcc/x86_64-suse-linux/4.8/:/usr/lib64/gcc/x86_64-suse-linux/4.8/../../../../lib64/:/lib/../lib64/:/usr/lib/../lib64/:/apps/t3/sles12sp2/free/gcc/8.3.0/lib64/:/apps/t3/sles12sp2/free/cudnn/7.3/cuda/9.0/lib64/:/apps/t3/sles12sp2/cuda/9.1.85/extras/CUPTI/lib64/:/apps/t3/sles12sp2/cuda/9.1.85/lib64/:/apps/t3/sles12sp4/free/python/3.6.5/gcc4.8.5/lib/:/usr/lib64/gcc/x86_64-suse-linux/4.8/../../../../x86_64-suse-linux/lib/:/usr/lib64/gcc/x86_64-suse-linux/4.8/../../../:/lib/:/usr/lib/]
  ignore line: [COLLECT_GCC_OPTIONS='-v' '-o' 'CMakeFiles/cmTC_61ea4.dir/CMakeCCompilerABI.c.o' '-c' '-mtune=generic' '-march=x86-64']
  ignore line: [Linking C executable cmTC_61ea4]
  ignore line: [/apps/t3/sles12sp2/gsic/cmake/3.17.2/bin/cmake -E cmake_link_script CMakeFiles/cmTC_61ea4.dir/link.txt --verbose=1]
  ignore line: [/usr/bin/cc     -v -rdynamic CMakeFiles/cmTC_61ea4.dir/CMakeCCompilerABI.c.o  -o cmTC_61ea4 ]
  ignore line: [Using built-in specs.]
  ignore line: [COLLECT_GCC=/usr/bin/cc]
  ignore line: [COLLECT_LTO_WRAPPER=/usr/lib64/gcc/x86_64-suse-linux/4.8/lto-wrapper]
  ignore line: [Target: x86_64-suse-linux]
  ignore line: [Configured with: ../configure --prefix=/usr --infodir=/usr/share/info --mandir=/usr/share/man --libdir=/usr/lib64 --libexecdir=/usr/lib64 --enable-languages=c c++ objc fortran obj-c++ java ada --enable-checking=release --with-gxx-include-dir=/usr/include/c++/4.8 --enable-ssp --disable-libssp --disable-plugin --with-bugurl=https://bugs.opensuse.org/ --with-pkgversion='SUSE Linux' --disable-libgcj --disable-libmudflap --with-slibdir=/lib64 --with-system-zlib --enable-__cxa_atexit --enable-libstdcxx-allocator=new --disable-libstdcxx-pch --enable-version-specific-runtime-libs --enable-linker-build-id --enable-linux-futex --program-suffix=-4.8 --without-system-libunwind --with-arch-32=i586 --with-tune=generic --build=x86_64-suse-linux --host=x86_64-suse-linux]
  ignore line: [Thread model: posix]
  ignore line: [gcc version 4.8.5 (SUSE Linux) ]
  ignore line: [COMPILER_PATH=/usr/lib64/gcc/x86_64-suse-linux/4.8/:/usr/lib64/gcc/x86_64-suse-linux/4.8/:/usr/lib64/gcc/x86_64-suse-linux/:/usr/lib64/gcc/x86_64-suse-linux/4.8/:/usr/lib64/gcc/x86_64-suse-linux/:/usr/lib64/gcc/x86_64-suse-linux/4.8/../../../../x86_64-suse-linux/bin/]
  ignore line: [LIBRARY_PATH=/apps/t3/sles12sp2/free/gcc/8.3.0/lib64/../lib64/:/apps/t3/sles12sp2/free/cudnn/7.3/cuda/9.0/lib64/../lib64/:/apps/t3/sles12sp2/cuda/9.1.85/extras/CUPTI/lib64/../lib64/:/apps/t3/sles12sp2/cuda/9.1.85/lib64/../lib64/:/usr/lib64/gcc/x86_64-suse-linux/4.8/:/usr/lib64/gcc/x86_64-suse-linux/4.8/../../../../lib64/:/lib/../lib64/:/usr/lib/../lib64/:/apps/t3/sles12sp2/free/gcc/8.3.0/lib64/:/apps/t3/sles12sp2/free/cudnn/7.3/cuda/9.0/lib64/:/apps/t3/sles12sp2/cuda/9.1.85/extras/CUPTI/lib64/:/apps/t3/sles12sp2/cuda/9.1.85/lib64/:/apps/t3/sles12sp4/free/python/3.6.5/gcc4.8.5/lib/:/usr/lib64/gcc/x86_64-suse-linux/4.8/../../../../x86_64-suse-linux/lib/:/usr/lib64/gcc/x86_64-suse-linux/4.8/../../../:/lib/:/usr/lib/]
  ignore line: [COLLECT_GCC_OPTIONS='-v' '-rdynamic' '-o' 'cmTC_61ea4' '-mtune=generic' '-march=x86-64']
  link line: [ /usr/lib64/gcc/x86_64-suse-linux/4.8/collect2 --build-id --eh-frame-hdr -m elf_x86_64 -export-dynamic -dynamic-linker /lib64/ld-linux-x86-64.so.2 -o cmTC_61ea4 /usr/lib64/gcc/x86_64-suse-linux/4.8/../../../../lib64/crt1.o /usr/lib64/gcc/x86_64-suse-linux/4.8/../../../../lib64/crti.o /usr/lib64/gcc/x86_64-suse-linux/4.8/crtbegin.o -L/apps/t3/sles12sp2/free/gcc/8.3.0/lib64/../lib64 -L/apps/t3/sles12sp2/free/cudnn/7.3/cuda/9.0/lib64/../lib64 -L/apps/t3/sles12sp2/cuda/9.1.85/extras/CUPTI/lib64/../lib64 -L/apps/t3/sles12sp2/cuda/9.1.85/lib64/../lib64 -L/usr/lib64/gcc/x86_64-suse-linux/4.8 -L/usr/lib64/gcc/x86_64-suse-linux/4.8/../../../../lib64 -L/lib/../lib64 -L/usr/lib/../lib64 -L/apps/t3/sles12sp2/free/gcc/8.3.0/lib64 -L/apps/t3/sles12sp2/free/cudnn/7.3/cuda/9.0/lib64 -L/apps/t3/sles12sp2/cuda/9.1.85/extras/CUPTI/lib64 -L/apps/t3/sles12sp2/cuda/9.1.85/lib64 -L/apps/t3/sles12sp4/free/python/3.6.5/gcc4.8.5/lib -L/usr/lib64/gcc/x86_64-suse-linux/4.8/../../../../x86_64-suse-linux/lib -L/usr/lib64/gcc/x86_64-suse-linux/4.8/../../.. CMakeFiles/cmTC_61ea4.dir/CMakeCCompilerABI.c.o -lgcc --as-needed -lgcc_s --no-as-needed -lc -lgcc --as-needed -lgcc_s --no-as-needed /usr/lib64/gcc/x86_64-suse-linux/4.8/crtend.o /usr/lib64/gcc/x86_64-suse-linux/4.8/../../../../lib64/crtn.o]
    arg [/usr/lib64/gcc/x86_64-suse-linux/4.8/collect2] ==> ignore
    arg [--build-id] ==> ignore
    arg [--eh-frame-hdr] ==> ignore
    arg [-m] ==> ignore
    arg [elf_x86_64] ==> ignore
    arg [-export-dynamic] ==> ignore
    arg [-dynamic-linker] ==> ignore
    arg [/lib64/ld-linux-x86-64.so.2] ==> ignore
    arg [-o] ==> ignore
    arg [cmTC_61ea4] ==> ignore
    arg [/usr/lib64/gcc/x86_64-suse-linux/4.8/../../../../lib64/crt1.o] ==> ignore
    arg [/usr/lib64/gcc/x86_64-suse-linux/4.8/../../../../lib64/crti.o] ==> ignore
    arg [/usr/lib64/gcc/x86_64-suse-linux/4.8/crtbegin.o] ==> ignore
    arg [-L/apps/t3/sles12sp2/free/gcc/8.3.0/lib64/../lib64] ==> dir [/apps/t3/sles12sp2/free/gcc/8.3.0/lib64/../lib64]
    arg [-L/apps/t3/sles12sp2/free/cudnn/7.3/cuda/9.0/lib64/../lib64] ==> dir [/apps/t3/sles12sp2/free/cudnn/7.3/cuda/9.0/lib64/../lib64]
    arg [-L/apps/t3/sles12sp2/cuda/9.1.85/extras/CUPTI/lib64/../lib64] ==> dir [/apps/t3/sles12sp2/cuda/9.1.85/extras/CUPTI/lib64/../lib64]
    arg [-L/apps/t3/sles12sp2/cuda/9.1.85/lib64/../lib64] ==> dir [/apps/t3/sles12sp2/cuda/9.1.85/lib64/../lib64]
    arg [-L/usr/lib64/gcc/x86_64-suse-linux/4.8] ==> dir [/usr/lib64/gcc/x86_64-suse-linux/4.8]
    arg [-L/usr/lib64/gcc/x86_64-suse-linux/4.8/../../../../lib64] ==> dir [/usr/lib64/gcc/x86_64-suse-linux/4.8/../../../../lib64]
    arg [-L/lib/../lib64] ==> dir [/lib/../lib64]
    arg [-L/usr/lib/../lib64] ==> dir [/usr/lib/../lib64]
    arg [-L/apps/t3/sles12sp2/free/gcc/8.3.0/lib64] ==> dir [/apps/t3/sles12sp2/free/gcc/8.3.0/lib64]
    arg [-L/apps/t3/sles12sp2/free/cudnn/7.3/cuda/9.0/lib64] ==> dir [/apps/t3/sles12sp2/free/cudnn/7.3/cuda/9.0/lib64]
    arg [-L/apps/t3/sles12sp2/cuda/9.1.85/extras/CUPTI/lib64] ==> dir [/apps/t3/sles12sp2/cuda/9.1.85/extras/CUPTI/lib64]
    arg [-L/apps/t3/sles12sp2/cuda/9.1.85/lib64] ==> dir [/apps/t3/sles12sp2/cuda/9.1.85/lib64]
    arg [-L/apps/t3/sles12sp4/free/python/3.6.5/gcc4.8.5/lib] ==> dir [/apps/t3/sles12sp4/free/python/3.6.5/gcc4.8.5/lib]
    arg [-L/usr/lib64/gcc/x86_64-suse-linux/4.8/../../../../x86_64-suse-linux/lib] ==> dir [/usr/lib64/gcc/x86_64-suse-linux/4.8/../../../../x86_64-suse-linux/lib]
    arg [-L/usr/lib64/gcc/x86_64-suse-linux/4.8/../../..] ==> dir [/usr/lib64/gcc/x86_64-suse-linux/4.8/../../..]
    arg [CMakeFiles/cmTC_61ea4.dir/CMakeCCompilerABI.c.o] ==> ignore
    arg [-lgcc] ==> lib [gcc]
    arg [--as-needed] ==> ignore
    arg [-lgcc_s] ==> lib [gcc_s]
    arg [--no-as-needed] ==> ignore
    arg [-lc] ==> lib [c]
    arg [-lgcc] ==> lib [gcc]
    arg [--as-needed] ==> ignore
    arg [-lgcc_s] ==> lib [gcc_s]
    arg [--no-as-needed] ==> ignore
    arg [/usr/lib64/gcc/x86_64-suse-linux/4.8/crtend.o] ==> ignore
    arg [/usr/lib64/gcc/x86_64-suse-linux/4.8/../../../../lib64/crtn.o] ==> ignore
  collapse library dir [/apps/t3/sles12sp2/free/gcc/8.3.0/lib64/../lib64] ==> [/apps/t3/sles12sp2/free/gcc/8.3.0/lib64]
  collapse library dir [/apps/t3/sles12sp2/free/cudnn/7.3/cuda/9.0/lib64/../lib64] ==> [/apps/t3/sles12sp2/free/cudnn/7.3/cuda/9.0/lib64]
  collapse library dir [/apps/t3/sles12sp2/cuda/9.1.85/extras/CUPTI/lib64/../lib64] ==> [/apps/t3/sles12sp2/cuda/9.1.85/extras/CUPTI/lib64]
  collapse library dir [/apps/t3/sles12sp2/cuda/9.1.85/lib64/../lib64] ==> [/apps/t3/sles12sp2/cuda/9.1.85/lib64]
  collapse library dir [/usr/lib64/gcc/x86_64-suse-linux/4.8] ==> [/usr/lib64/gcc/x86_64-suse-linux/4.8]
  collapse library dir [/usr/lib64/gcc/x86_64-suse-linux/4.8/../../../../lib64] ==> [/usr/lib64]
  collapse library dir [/lib/../lib64] ==> [/lib64]
  collapse library dir [/usr/lib/../lib64] ==> [/usr/lib64]
  collapse library dir [/apps/t3/sles12sp2/free/gcc/8.3.0/lib64] ==> [/apps/t3/sles12sp2/free/gcc/8.3.0/lib64]
  collapse library dir [/apps/t3/sles12sp2/free/cudnn/7.3/cuda/9.0/lib64] ==> [/apps/t3/sles12sp2/free/cudnn/7.3/cuda/9.0/lib64]
  collapse library dir [/apps/t3/sles12sp2/cuda/9.1.85/extras/CUPTI/lib64] ==> [/apps/t3/sles12sp2/cuda/9.1.85/extras/CUPTI/lib64]
  collapse library dir [/apps/t3/sles12sp2/cuda/9.1.85/lib64] ==> [/apps/t3/sles12sp2/cuda/9.1.85/lib64]
  collapse library dir [/apps/t3/sles12sp4/free/python/3.6.5/gcc4.8.5/lib] ==> [/apps/t3/sles12sp4/free/python/3.6.5/gcc4.8.5/lib]
  collapse library dir [/usr/lib64/gcc/x86_64-suse-linux/4.8/../../../../x86_64-suse-linux/lib] ==> [/usr/x86_64-suse-linux/lib]
  collapse library dir [/usr/lib64/gcc/x86_64-suse-linux/4.8/../../..] ==> [/usr/lib64]
  implicit libs: [gcc;gcc_s;c;gcc;gcc_s]
  implicit dirs: [/apps/t3/sles12sp2/free/gcc/8.3.0/lib64;/apps/t3/sles12sp2/free/cudnn/7.3/cuda/9.0/lib64;/apps/t3/sles12sp2/cuda/9.1.85/extras/CUPTI/lib64;/apps/t3/sles12sp2/cuda/9.1.85/lib64;/usr/lib64/gcc/x86_64-suse-linux/4.8;/usr/lib64;/lib64;/apps/t3/sles12sp4/free/python/3.6.5/gcc4.8.5/lib;/usr/x86_64-suse-linux/lib]
  implicit fwks: []


Determining if the CXX compiler works passed with the following output:
Change Dir: /home/9/16B02273/Sentencepiece_py/src/build_spm/CMakeFiles/CMakeTmp

Run Build Command(s):/usr/bin/gmake cmTC_3a82b/fast && /usr/bin/gmake  -f CMakeFiles/cmTC_3a82b.dir/build.make CMakeFiles/cmTC_3a82b.dir/build
gmake[1]: Entering directory '/home/9/16B02273/Sentencepiece_py/src/build_spm/CMakeFiles/CMakeTmp'
Building CXX object CMakeFiles/cmTC_3a82b.dir/testCXXCompiler.cxx.o
/usr/bin/c++     -o CMakeFiles/cmTC_3a82b.dir/testCXXCompiler.cxx.o -c /home/9/16B02273/Sentencepiece_py/src/build_spm/CMakeFiles/CMakeTmp/testCXXCompiler.cxx
Linking CXX executable cmTC_3a82b
/apps/t3/sles12sp2/gsic/cmake/3.17.2/bin/cmake -E cmake_link_script CMakeFiles/cmTC_3a82b.dir/link.txt --verbose=1
/usr/bin/c++       -rdynamic CMakeFiles/cmTC_3a82b.dir/testCXXCompiler.cxx.o  -o cmTC_3a82b 
gmake[1]: Leaving directory '/home/9/16B02273/Sentencepiece_py/src/build_spm/CMakeFiles/CMakeTmp'



Detecting CXX compiler ABI info compiled with the following output:
Change Dir: /home/9/16B02273/Sentencepiece_py/src/build_spm/CMakeFiles/CMakeTmp

Run Build Command(s):/usr/bin/gmake cmTC_33bdc/fast && /usr/bin/gmake  -f CMakeFiles/cmTC_33bdc.dir/build.make CMakeFiles/cmTC_33bdc.dir/build
gmake[1]: Entering directory '/home/9/16B02273/Sentencepiece_py/src/build_spm/CMakeFiles/CMakeTmp'
Building CXX object CMakeFiles/cmTC_33bdc.dir/CMakeCXXCompilerABI.cpp.o
/usr/bin/c++    -v -o CMakeFiles/cmTC_33bdc.dir/CMakeCXXCompilerABI.cpp.o -c /apps/t3/sles12sp2/gsic/cmake/3.17.2/share/cmake-3.17/Modules/CMakeCXXCompilerABI.cpp
Using built-in specs.
COLLECT_GCC=/usr/bin/c++
Target: x86_64-suse-linux
Configured with: ../configure --prefix=/usr --infodir=/usr/share/info --mandir=/usr/share/man --libdir=/usr/lib64 --libexecdir=/usr/lib64 --enable-languages=c,c++,objc,fortran,obj-c++,java,ada --enable-checking=release --with-gxx-include-dir=/usr/include/c++/4.8 --enable-ssp --disable-libssp --disable-plugin --with-bugurl=https://bugs.opensuse.org/ --with-pkgversion='SUSE Linux' --disable-libgcj --disable-libmudflap --with-slibdir=/lib64 --with-system-zlib --enable-__cxa_atexit --enable-libstdcxx-allocator=new --disable-libstdcxx-pch --enable-version-specific-runtime-libs --enable-linker-build-id --enable-linux-futex --program-suffix=-4.8 --without-system-libunwind --with-arch-32=i586 --with-tune=generic --build=x86_64-suse-linux --host=x86_64-suse-linux
Thread model: posix
gcc version 4.8.5 (SUSE Linux) 
COLLECT_GCC_OPTIONS='-v' '-o' 'CMakeFiles/cmTC_33bdc.dir/CMakeCXXCompilerABI.cpp.o' '-c' '-shared-libgcc' '-mtune=generic' '-march=x86-64'
 /usr/lib64/gcc/x86_64-suse-linux/4.8/cc1plus -quiet -v -D_GNU_SOURCE /apps/t3/sles12sp2/gsic/cmake/3.17.2/share/cmake-3.17/Modules/CMakeCXXCompilerABI.cpp -quiet -dumpbase CMakeCXXCompilerABI.cpp -mtune=generic -march=x86-64 -auxbase-strip CMakeFiles/cmTC_33bdc.dir/CMakeCXXCompilerABI.cpp.o -version -o /tmp/ccXOHDWi.s
GNU C++ (SUSE Linux) version 4.8.5 (x86_64-suse-linux)
	compiled by GNU C version 4.8.5, GMP version 5.1.3, MPFR version 3.1.2, MPC version 1.0.2
GGC heuristics: --param ggc-min-expand=100 --param ggc-min-heapsize=131072
#include "..." search starts here:
#include <...> search starts here:
 /apps/t3/sles12sp2/free/gcc/8.3.0/include
 /apps/t3/sles12sp2/free/cudnn/7.3/cuda/9.0/include
 /apps/t3/sles12sp4/free/python/3.6.5/gcc4.8.5/include
 /usr/include/c++/4.8
 /usr/include/c++/4.8/x86_64-suse-linux
 /usr/include/c++/4.8/backward
 /usr/lib64/gcc/x86_64-suse-linux/4.8/include
 /usr/local/include
 /usr/lib64/gcc/x86_64-suse-linux/4.8/include-fixed
 /usr/lib64/gcc/x86_64-suse-linux/4.8/../../../../x86_64-suse-linux/include
 /usr/include
End of search list.
GNU C++ (SUSE Linux) version 4.8.5 (x86_64-suse-linux)
	compiled by GNU C version 4.8.5, GMP version 5.1.3, MPFR version 3.1.2, MPC version 1.0.2
GGC heuristics: --param ggc-min-expand=100 --param ggc-min-heapsize=131072
Compiler executable checksum: 062cb696e45f8190fb31c47b4cc31de6
COLLECT_GCC_OPTIONS='-v' '-o' 'CMakeFiles/cmTC_33bdc.dir/CMakeCXXCompilerABI.cpp.o' '-c' '-shared-libgcc' '-mtune=generic' '-march=x86-64'
 /usr/lib64/gcc/x86_64-suse-linux/4.8/../../../../x86_64-suse-linux/bin/as -v --64 -o CMakeFiles/cmTC_33bdc.dir/CMakeCXXCompilerABI.cpp.o /tmp/ccXOHDWi.s
GNU assembler version 2.32.0 (x86_64-suse-linux) using BFD version (GNU Binutils; SUSE Linux Enterprise 12) 2.32.0.20190909-9.36
COMPILER_PATH=/usr/lib64/gcc/x86_64-suse-linux/4.8/:/usr/lib64/gcc/x86_64-suse-linux/4.8/:/usr/lib64/gcc/x86_64-suse-linux/:/usr/lib64/gcc/x86_64-suse-linux/4.8/:/usr/lib64/gcc/x86_64-suse-linux/:/usr/lib64/gcc/x86_64-suse-linux/4.8/../../../../x86_64-suse-linux/bin/
LIBRARY_PATH=/apps/t3/sles12sp2/free/gcc/8.3.0/lib64/../lib64/:/apps/t3/sles12sp2/free/cudnn/7.3/cuda/9.0/lib64/../lib64/:/apps/t3/sles12sp2/cuda/9.1.85/extras/CUPTI/lib64/../lib64/:/apps/t3/sles12sp2/cuda/9.1.85/lib64/../lib64/:/usr/lib64/gcc/x86_64-suse-linux/4.8/:/usr/lib64/gcc/x86_64-suse-linux/4.8/../../../../lib64/:/lib/../lib64/:/usr/lib/../lib64/:/apps/t3/sles12sp2/free/gcc/8.3.0/lib64/:/apps/t3/sles12sp2/free/cudnn/7.3/cuda/9.0/lib64/:/apps/t3/sles12sp2/cuda/9.1.85/extras/CUPTI/lib64/:/apps/t3/sles12sp2/cuda/9.1.85/lib64/:/apps/t3/sles12sp4/free/python/3.6.5/gcc4.8.5/lib/:/usr/lib64/gcc/x86_64-suse-linux/4.8/../../../../x86_64-suse-linux/lib/:/usr/lib64/gcc/x86_64-suse-linux/4.8/../../../:/lib/:/usr/lib/
COLLECT_GCC_OPTIONS='-v' '-o' 'CMakeFiles/cmTC_33bdc.dir/CMakeCXXCompilerABI.cpp.o' '-c' '-shared-libgcc' '-mtune=generic' '-march=x86-64'
Linking CXX executable cmTC_33bdc
/apps/t3/sles12sp2/gsic/cmake/3.17.2/bin/cmake -E cmake_link_script CMakeFiles/cmTC_33bdc.dir/link.txt --verbose=1
/usr/bin/c++      -v -rdynamic CMakeFiles/cmTC_33bdc.dir/CMakeCXXCompilerABI.cpp.o  -o cmTC_33bdc 
Using built-in specs.
COLLECT_GCC=/usr/bin/c++
COLLECT_LTO_WRAPPER=/usr/lib64/gcc/x86_64-suse-linux/4.8/lto-wrapper
Target: x86_64-suse-linux
Configured with: ../configure --prefix=/usr --infodir=/usr/share/info --mandir=/usr/share/man --libdir=/usr/lib64 --libexecdir=/usr/lib64 --enable-languages=c,c++,objc,fortran,obj-c++,java,ada --enable-checking=release --with-gxx-include-dir=/usr/include/c++/4.8 --enable-ssp --disable-libssp --disable-plugin --with-bugurl=https://bugs.opensuse.org/ --with-pkgversion='SUSE Linux' --disable-libgcj --disable-libmudflap --with-slibdir=/lib64 --with-system-zlib --enable-__cxa_atexit --enable-libstdcxx-allocator=new --disable-libstdcxx-pch --enable-version-specific-runtime-libs --enable-linker-build-id --enable-linux-futex --program-suffix=-4.8 --without-system-libunwind --with-arch-32=i586 --with-tune=generic --build=x86_64-suse-linux --host=x86_64-suse-linux
Thread model: posix
gcc version 4.8.5 (SUSE Linux) 
COMPILER_PATH=/usr/lib64/gcc/x86_64-suse-linux/4.8/:/usr/lib64/gcc/x86_64-suse-linux/4.8/:/usr/lib64/gcc/x86_64-suse-linux/:/usr/lib64/gcc/x86_64-suse-linux/4.8/:/usr/lib64/gcc/x86_64-suse-linux/:/usr/lib64/gcc/x86_64-suse-linux/4.8/../../../../x86_64-suse-linux/bin/
LIBRARY_PATH=/apps/t3/sles12sp2/free/gcc/8.3.0/lib64/../lib64/:/apps/t3/sles12sp2/free/cudnn/7.3/cuda/9.0/lib64/../lib64/:/apps/t3/sles12sp2/cuda/9.1.85/extras/CUPTI/lib64/../lib64/:/apps/t3/sles12sp2/cuda/9.1.85/lib64/../lib64/:/usr/lib64/gcc/x86_64-suse-linux/4.8/:/usr/lib64/gcc/x86_64-suse-linux/4.8/../../../../lib64/:/lib/../lib64/:/usr/lib/../lib64/:/apps/t3/sles12sp2/free/gcc/8.3.0/lib64/:/apps/t3/sles12sp2/free/cudnn/7.3/cuda/9.0/lib64/:/apps/t3/sles12sp2/cuda/9.1.85/extras/CUPTI/lib64/:/apps/t3/sles12sp2/cuda/9.1.85/lib64/:/apps/t3/sles12sp4/free/python/3.6.5/gcc4.8.5/lib/:/usr/lib64/gcc/x86_64-suse-linux/4.8/../../../../x86_64-suse-linux/lib/:/usr/lib64/gcc/x86_64-suse-linux/4.8/../../../:/lib/:/usr/lib/
COLLECT_GCC_OPTIONS='-v' '-rdynamic' '-o' 'cmTC_33bdc' '-shared-libgcc' '-mtune=generic' '-march=x86-64'
 /usr/lib64/gcc/x86_64-suse-linux/4.8/collect2 --build-id --eh-frame-hdr -m elf_x86_64 -export-dynamic -dynamic-linker /lib64/ld-linux-x86-64.so.2 -o cmTC_33bdc /usr/lib64/gcc/x86_64-suse-linux/4.8/../../../../lib64/crt1.o /usr/lib64/gcc/x86_64-suse-linux/4.8/../../../../lib64/crti.o /usr/lib64/gcc/x86_64-suse-linux/4.8/crtbegin.o -L/apps/t3/sles12sp2/free/gcc/8.3.0/lib64/../lib64 -L/apps/t3/sles12sp2/free/cudnn/7.3/cuda/9.0/lib64/../lib64 -L/apps/t3/sles12sp2/cuda/9.1.85/extras/CUPTI/lib64/../lib64 -L/apps/t3/sles12sp2/cuda/9.1.85/lib64/../lib64 -L/usr/lib64/gcc/x86_64-suse-linux/4.8 -L/usr/lib64/gcc/x86_64-suse-linux/4.8/../../../../lib64 -L/lib/../lib64 -L/usr/lib/../lib64 -L/apps/t3/sles12sp2/free/gcc/8.3.0/lib64 -L/apps/t3/sles12sp2/free/cudnn/7.3/cuda/9.0/lib64 -L/apps/t3/sles12sp2/cuda/9.1.85/extras/CUPTI/lib64 -L/apps/t3/sles12sp2/cuda/9.1.85/lib64 -L/apps/t3/sles12sp4/free/python/3.6.5/gcc4.8.5/lib -L/usr/lib64/gcc/x86_64-suse-linux/4.8/../../../../x86_64-suse-linux/lib -L/usr/lib64/gcc/x86_64-suse-linux/4.8/../../.. CMakeFiles/cmTC_33bdc.dir/CMakeCXXCompilerABI.cpp.o -lstdc++ -lm -lgcc_s -lgcc -lc -lgcc_s -lgcc /usr/lib64/gcc/x86_64-suse-linux/4.8/crtend.o /usr/lib64/gcc/x86_64-suse-linux/4.8/../../../../lib64/crtn.o
gmake[1]: Leaving directory '/home/9/16B02273/Sentencepiece_py/src/build_spm/CMakeFiles/CMakeTmp'



Parsed CXX implicit include dir info from above output: rv=done
  found start of include info
  found start of implicit include info
    add: [/apps/t3/sles12sp2/free/gcc/8.3.0/include]
    add: [/apps/t3/sles12sp2/free/cudnn/7.3/cuda/9.0/include]
    add: [/apps/t3/sles12sp4/free/python/3.6.5/gcc4.8.5/include]
    add: [/usr/include/c++/4.8]
    add: [/usr/include/c++/4.8/x86_64-suse-linux]
    add: [/usr/include/c++/4.8/backward]
    add: [/usr/lib64/gcc/x86_64-suse-linux/4.8/include]
    add: [/usr/local/include]
    add: [/usr/lib64/gcc/x86_64-suse-linux/4.8/include-fixed]
    add: [/usr/lib64/gcc/x86_64-suse-linux/4.8/../../../../x86_64-suse-linux/include]
    add: [/usr/include]
  end of search list found
  collapse include dir [/apps/t3/sles12sp2/free/gcc/8.3.0/include] ==> [/apps/t3/sles12sp2/free/gcc/8.3.0/include]
  collapse include dir [/apps/t3/sles12sp2/free/cudnn/7.3/cuda/9.0/include] ==> [/apps/t3/sles12sp2/free/cudnn/7.3/cuda/9.0/include]
  collapse include dir [/apps/t3/sles12sp4/free/python/3.6.5/gcc4.8.5/include] ==> [/apps/t3/sles12sp4/free/python/3.6.5/gcc4.8.5/include]
  collapse include dir [/usr/include/c++/4.8] ==> [/usr/include/c++/4.8]
  collapse include dir [/usr/include/c++/4.8/x86_64-suse-linux] ==> [/usr/include/c++/4.8/x86_64-suse-linux]
  collapse include dir [/usr/include/c++/4.8/backward] ==> [/usr/include/c++/4.8/backward]
  collapse include dir [/usr/lib64/gcc/x86_64-suse-linux/4.8/include] ==> [/usr/lib64/gcc/x86_64-suse-linux/4.8/include]
  collapse include dir [/usr/local/include] ==> [/usr/local/include]
  collapse include dir [/usr/lib64/gcc/x86_64-suse-linux/4.8/include-fixed] ==> [/usr/lib64/gcc/x86_64-suse-linux/4.8/include-fixed]
  collapse include dir [/usr/lib64/gcc/x86_64-suse-linux/4.8/../../../../x86_64-suse-linux/include] ==> [/usr/x86_64-suse-linux/include]
  collapse include dir [/usr/include] ==> [/usr/include]
  implicit include dirs: [/apps/t3/sles12sp2/free/gcc/8.3.0/include;/apps/t3/sles12sp2/free/cudnn/7.3/cuda/9.0/include;/apps/t3/sles12sp4/free/python/3.6.5/gcc4.8.5/include;/usr/include/c++/4.8;/usr/include/c++/4.8/x86_64-suse-linux;/usr/include/c++/4.8/backward;/usr/lib64/gcc/x86_64-suse-linux/4.8/include;/usr/local/include;/usr/lib64/gcc/x86_64-suse-linux/4.8/include-fixed;/usr/x86_64-suse-linux/include;/usr/include]


Parsed CXX implicit link information from above output:
  link line regex: [^( *|.*[/\])(ld|CMAKE_LINK_STARTFILE-NOTFOUND|([^/\]+-)?ld|collect2)[^/\]*( |$)]
  ignore line: [Change Dir: /home/9/16B02273/Sentencepiece_py/src/build_spm/CMakeFiles/CMakeTmp]
  ignore line: []
  ignore line: [Run Build Command(s):/usr/bin/gmake cmTC_33bdc/fast && /usr/bin/gmake  -f CMakeFiles/cmTC_33bdc.dir/build.make CMakeFiles/cmTC_33bdc.dir/build]
  ignore line: [gmake[1]: Entering directory '/home/9/16B02273/Sentencepiece_py/src/build_spm/CMakeFiles/CMakeTmp']
  ignore line: [Building CXX object CMakeFiles/cmTC_33bdc.dir/CMakeCXXCompilerABI.cpp.o]
  ignore line: [/usr/bin/c++    -v -o CMakeFiles/cmTC_33bdc.dir/CMakeCXXCompilerABI.cpp.o -c /apps/t3/sles12sp2/gsic/cmake/3.17.2/share/cmake-3.17/Modules/CMakeCXXCompilerABI.cpp]
  ignore line: [Using built-in specs.]
  ignore line: [COLLECT_GCC=/usr/bin/c++]
  ignore line: [Target: x86_64-suse-linux]
  ignore line: [Configured with: ../configure --prefix=/usr --infodir=/usr/share/info --mandir=/usr/share/man --libdir=/usr/lib64 --libexecdir=/usr/lib64 --enable-languages=c c++ objc fortran obj-c++ java ada --enable-checking=release --with-gxx-include-dir=/usr/include/c++/4.8 --enable-ssp --disable-libssp --disable-plugin --with-bugurl=https://bugs.opensuse.org/ --with-pkgversion='SUSE Linux' --disable-libgcj --disable-libmudflap --with-slibdir=/lib64 --with-system-zlib --enable-__cxa_atexit --enable-libstdcxx-allocator=new --disable-libstdcxx-pch --enable-version-specific-runtime-libs --enable-linker-build-id --enable-linux-futex --program-suffix=-4.8 --without-system-libunwind --with-arch-32=i586 --with-tune=generic --build=x86_64-suse-linux --host=x86_64-suse-linux]
  ignore line: [Thread model: posix]
  ignore line: [gcc version 4.8.5 (SUSE Linux) ]
  ignore line: [COLLECT_GCC_OPTIONS='-v' '-o' 'CMakeFiles/cmTC_33bdc.dir/CMakeCXXCompilerABI.cpp.o' '-c' '-shared-libgcc' '-mtune=generic' '-march=x86-64']
  ignore line: [ /usr/lib64/gcc/x86_64-suse-linux/4.8/cc1plus -quiet -v -D_GNU_SOURCE /apps/t3/sles12sp2/gsic/cmake/3.17.2/share/cmake-3.17/Modules/CMakeCXXCompilerABI.cpp -quiet -dumpbase CMakeCXXCompilerABI.cpp -mtune=generic -march=x86-64 -auxbase-strip CMakeFiles/cmTC_33bdc.dir/CMakeCXXCompilerABI.cpp.o -version -o /tmp/ccXOHDWi.s]
  ignore line: [GNU C++ (SUSE Linux) version 4.8.5 (x86_64-suse-linux)]
  ignore line: [	compiled by GNU C version 4.8.5  GMP version 5.1.3  MPFR version 3.1.2  MPC version 1.0.2]
  ignore line: [GGC heuristics: --param ggc-min-expand=100 --param ggc-min-heapsize=131072]
  ignore line: [#include "..." search starts here:]
  ignore line: [#include <...> search starts here:]
  ignore line: [ /apps/t3/sles12sp2/free/gcc/8.3.0/include]
  ignore line: [ /apps/t3/sles12sp2/free/cudnn/7.3/cuda/9.0/include]
  ignore line: [ /apps/t3/sles12sp4/free/python/3.6.5/gcc4.8.5/include]
  ignore line: [ /usr/include/c++/4.8]
  ignore line: [ /usr/include/c++/4.8/x86_64-suse-linux]
  ignore line: [ /usr/include/c++/4.8/backward]
  ignore line: [ /usr/lib64/gcc/x86_64-suse-linux/4.8/include]
  ignore line: [ /usr/local/include]
  ignore line: [ /usr/lib64/gcc/x86_64-suse-linux/4.8/include-fixed]
  ignore line: [ /usr/lib64/gcc/x86_64-suse-linux/4.8/../../../../x86_64-suse-linux/include]
  ignore line: [ /usr/include]
  ignore line: [End of search list.]
  ignore line: [GNU C++ (SUSE Linux) version 4.8.5 (x86_64-suse-linux)]
  ignore line: [	compiled by GNU C version 4.8.5  GMP version 5.1.3  MPFR version 3.1.2  MPC version 1.0.2]
  ignore line: [GGC heuristics: --param ggc-min-expand=100 --param ggc-min-heapsize=131072]
  ignore line: [Compiler executable checksum: 062cb696e45f8190fb31c47b4cc31de6]
  ignore line: [COLLECT_GCC_OPTIONS='-v' '-o' 'CMakeFiles/cmTC_33bdc.dir/CMakeCXXCompilerABI.cpp.o' '-c' '-shared-libgcc' '-mtune=generic' '-march=x86-64']
  ignore line: [ /usr/lib64/gcc/x86_64-suse-linux/4.8/../../../../x86_64-suse-linux/bin/as -v --64 -o CMakeFiles/cmTC_33bdc.dir/CMakeCXXCompilerABI.cpp.o /tmp/ccXOHDWi.s]
  ignore line: [GNU assembler version 2.32.0 (x86_64-suse-linux) using BFD version (GNU Binutils]
  ignore line: [ SUSE Linux Enterprise 12) 2.32.0.20190909-9.36]
  ignore line: [COMPILER_PATH=/usr/lib64/gcc/x86_64-suse-linux/4.8/:/usr/lib64/gcc/x86_64-suse-linux/4.8/:/usr/lib64/gcc/x86_64-suse-linux/:/usr/lib64/gcc/x86_64-suse-linux/4.8/:/usr/lib64/gcc/x86_64-suse-linux/:/usr/lib64/gcc/x86_64-suse-linux/4.8/../../../../x86_64-suse-linux/bin/]
  ignore line: [LIBRARY_PATH=/apps/t3/sles12sp2/free/gcc/8.3.0/lib64/../lib64/:/apps/t3/sles12sp2/free/cudnn/7.3/cuda/9.0/lib64/../lib64/:/apps/t3/sles12sp2/cuda/9.1.85/extras/CUPTI/lib64/../lib64/:/apps/t3/sles12sp2/cuda/9.1.85/lib64/../lib64/:/usr/lib64/gcc/x86_64-suse-linux/4.8/:/usr/lib64/gcc/x86_64-suse-linux/4.8/../../../../lib64/:/lib/../lib64/:/usr/lib/../lib64/:/apps/t3/sles12sp2/free/gcc/8.3.0/lib64/:/apps/t3/sles12sp2/free/cudnn/7.3/cuda/9.0/lib64/:/apps/t3/sles12sp2/cuda/9.1.85/extras/CUPTI/lib64/:/apps/t3/sles12sp2/cuda/9.1.85/lib64/:/apps/t3/sles12sp4/free/python/3.6.5/gcc4.8.5/lib/:/usr/lib64/gcc/x86_64-suse-linux/4.8/../../../../x86_64-suse-linux/lib/:/usr/lib64/gcc/x86_64-suse-linux/4.8/../../../:/lib/:/usr/lib/]
  ignore line: [COLLECT_GCC_OPTIONS='-v' '-o' 'CMakeFiles/cmTC_33bdc.dir/CMakeCXXCompilerABI.cpp.o' '-c' '-shared-libgcc' '-mtune=generic' '-march=x86-64']
  ignore line: [Linking CXX executable cmTC_33bdc]
  ignore line: [/apps/t3/sles12sp2/gsic/cmake/3.17.2/bin/cmake -E cmake_link_script CMakeFiles/cmTC_33bdc.dir/link.txt --verbose=1]
  ignore line: [/usr/bin/c++      -v -rdynamic CMakeFiles/cmTC_33bdc.dir/CMakeCXXCompilerABI.cpp.o  -o cmTC_33bdc ]
  ignore line: [Using built-in specs.]
  ignore line: [COLLECT_GCC=/usr/bin/c++]
  ignore line: [COLLECT_LTO_WRAPPER=/usr/lib64/gcc/x86_64-suse-linux/4.8/lto-wrapper]
  ignore line: [Target: x86_64-suse-linux]
  ignore line: [Configured with: ../configure --prefix=/usr --infodir=/usr/share/info --mandir=/usr/share/man --libdir=/usr/lib64 --libexecdir=/usr/lib64 --enable-languages=c c++ objc fortran obj-c++ java ada --enable-checking=release --with-gxx-include-dir=/usr/include/c++/4.8 --enable-ssp --disable-libssp --disable-plugin --with-bugurl=https://bugs.opensuse.org/ --with-pkgversion='SUSE Linux' --disable-libgcj --disable-libmudflap --with-slibdir=/lib64 --with-system-zlib --enable-__cxa_atexit --enable-libstdcxx-allocator=new --disable-libstdcxx-pch --enable-version-specific-runtime-libs --enable-linker-build-id --enable-linux-futex --program-suffix=-4.8 --without-system-libunwind --with-arch-32=i586 --with-tune=generic --build=x86_64-suse-linux --host=x86_64-suse-linux]
  ignore line: [Thread model: posix]
  ignore line: [gcc version 4.8.5 (SUSE Linux) ]
  ignore line: [COMPILER_PATH=/usr/lib64/gcc/x86_64-suse-linux/4.8/:/usr/lib64/gcc/x86_64-suse-linux/4.8/:/usr/lib64/gcc/x86_64-suse-linux/:/usr/lib64/gcc/x86_64-suse-linux/4.8/:/usr/lib64/gcc/x86_64-suse-linux/:/usr/lib64/gcc/x86_64-suse-linux/4.8/../../../../x86_64-suse-linux/bin/]
  ignore line: [LIBRARY_PATH=/apps/t3/sles12sp2/free/gcc/8.3.0/lib64/../lib64/:/apps/t3/sles12sp2/free/cudnn/7.3/cuda/9.0/lib64/../lib64/:/apps/t3/sles12sp2/cuda/9.1.85/extras/CUPTI/lib64/../lib64/:/apps/t3/sles12sp2/cuda/9.1.85/lib64/../lib64/:/usr/lib64/gcc/x86_64-suse-linux/4.8/:/usr/lib64/gcc/x86_64-suse-linux/4.8/../../../../lib64/:/lib/../lib64/:/usr/lib/../lib64/:/apps/t3/sles12sp2/free/gcc/8.3.0/lib64/:/apps/t3/sles12sp2/free/cudnn/7.3/cuda/9.0/lib64/:/apps/t3/sles12sp2/cuda/9.1.85/extras/CUPTI/lib64/:/apps/t3/sles12sp2/cuda/9.1.85/lib64/:/apps/t3/sles12sp4/free/python/3.6.5/gcc4.8.5/lib/:/usr/lib64/gcc/x86_64-suse-linux/4.8/../../../../x86_64-suse-linux/lib/:/usr/lib64/gcc/x86_64-suse-linux/4.8/../../../:/lib/:/usr/lib/]
  ignore line: [COLLECT_GCC_OPTIONS='-v' '-rdynamic' '-o' 'cmTC_33bdc' '-shared-libgcc' '-mtune=generic' '-march=x86-64']
  link line: [ /usr/lib64/gcc/x86_64-suse-linux/4.8/collect2 --build-id --eh-frame-hdr -m elf_x86_64 -export-dynamic -dynamic-linker /lib64/ld-linux-x86-64.so.2 -o cmTC_33bdc /usr/lib64/gcc/x86_64-suse-linux/4.8/../../../../lib64/crt1.o /usr/lib64/gcc/x86_64-suse-linux/4.8/../../../../lib64/crti.o /usr/lib64/gcc/x86_64-suse-linux/4.8/crtbegin.o -L/apps/t3/sles12sp2/free/gcc/8.3.0/lib64/../lib64 -L/apps/t3/sles12sp2/free/cudnn/7.3/cuda/9.0/lib64/../lib64 -L/apps/t3/sles12sp2/cuda/9.1.85/extras/CUPTI/lib64/../lib64 -L/apps/t3/sles12sp2/cuda/9.1.85/lib64/../lib64 -L/usr/lib64/gcc/x86_64-suse-linux/4.8 -L/usr/lib64/gcc/x86_64-suse-linux/4.8/../../../../lib64 -L/lib/../lib64 -L/usr/lib/../lib64 -L/apps/t3/sles12sp2/free/gcc/8.3.0/lib64 -L/apps/t3/sles12sp2/free/cudnn/7.3/cuda/9.0/lib64 -L/apps/t3/sles12sp2/cuda/9.1.85/extras/CUPTI/lib64 -L/apps/t3/sles12sp2/cuda/9.1.85/lib64 -L/apps/t3/sles12sp4/free/python/3.6.5/gcc4.8.5/lib -L/usr/lib64/gcc/x86_64-suse-linux/4.8/../../../../x86_64-suse-linux/lib -L/usr/lib64/gcc/x86_64-suse-linux/4.8/../../.. CMakeFiles/cmTC_33bdc.dir/CMakeCXXCompilerABI.cpp.o -lstdc++ -lm -lgcc_s -lgcc -lc -lgcc_s -lgcc /usr/lib64/gcc/x86_64-suse-linux/4.8/crtend.o /usr/lib64/gcc/x86_64-suse-linux/4.8/../../../../lib64/crtn.o]
    arg [/usr/lib64/gcc/x86_64-suse-linux/4.8/collect2] ==> ignore
    arg [--build-id] ==> ignore
    arg [--eh-frame-hdr] ==> ignore
    arg [-m] ==> ignore
    arg [elf_x86_64] ==> ignore
    arg [-export-dynamic] ==> ignore
    arg [-dynamic-linker] ==> ignore
    arg [/lib64/ld-linux-x86-64.so.2] ==> ignore
    arg [-o] ==> ignore
    arg [cmTC_33bdc] ==> ignore
    arg [/usr/lib64/gcc/x86_64-suse-linux/4.8/../../../../lib64/crt1.o] ==> ignore
    arg [/usr/lib64/gcc/x86_64-suse-linux/4.8/../../../../lib64/crti.o] ==> ignore
    arg [/usr/lib64/gcc/x86_64-suse-linux/4.8/crtbegin.o] ==> ignore
    arg [-L/apps/t3/sles12sp2/free/gcc/8.3.0/lib64/../lib64] ==> dir [/apps/t3/sles12sp2/free/gcc/8.3.0/lib64/../lib64]
    arg [-L/apps/t3/sles12sp2/free/cudnn/7.3/cuda/9.0/lib64/../lib64] ==> dir [/apps/t3/sles12sp2/free/cudnn/7.3/cuda/9.0/lib64/../lib64]
    arg [-L/apps/t3/sles12sp2/cuda/9.1.85/extras/CUPTI/lib64/../lib64] ==> dir [/apps/t3/sles12sp2/cuda/9.1.85/extras/CUPTI/lib64/../lib64]
    arg [-L/apps/t3/sles12sp2/cuda/9.1.85/lib64/../lib64] ==> dir [/apps/t3/sles12sp2/cuda/9.1.85/lib64/../lib64]
    arg [-L/usr/lib64/gcc/x86_64-suse-linux/4.8] ==> dir [/usr/lib64/gcc/x86_64-suse-linux/4.8]
    arg [-L/usr/lib64/gcc/x86_64-suse-linux/4.8/../../../../lib64] ==> dir [/usr/lib64/gcc/x86_64-suse-linux/4.8/../../../../lib64]
    arg [-L/lib/../lib64] ==> dir [/lib/../lib64]
    arg [-L/usr/lib/../lib64] ==> dir [/usr/lib/../lib64]
    arg [-L/apps/t3/sles12sp2/free/gcc/8.3.0/lib64] ==> dir [/apps/t3/sles12sp2/free/gcc/8.3.0/lib64]
    arg [-L/apps/t3/sles12sp2/free/cudnn/7.3/cuda/9.0/lib64] ==> dir [/apps/t3/sles12sp2/free/cudnn/7.3/cuda/9.0/lib64]
    arg [-L/apps/t3/sles12sp2/cuda/9.1.85/extras/CUPTI/lib64] ==> dir [/apps/t3/sles12sp2/cuda/9.1.85/extras/CUPTI/lib64]
    arg [-L/apps/t3/sles12sp2/cuda/9.1.85/lib64] ==> dir [/apps/t3/sles12sp2/cuda/9.1.85/lib64]
    arg [-L/apps/t3/sles12sp4/free/python/3.6.5/gcc4.8.5/lib] ==> dir [/apps/t3/sles12sp4/free/python/3.6.5/gcc4.8.5/lib]
    arg [-L/usr/lib64/gcc/x86_64-suse-linux/4.8/../../../../x86_64-suse-linux/lib] ==> dir [/usr/lib64/gcc/x86_64-suse-linux/4.8/../../../../x86_64-suse-linux/lib]
    arg [-L/usr/lib64/gcc/x86_64-suse-linux/4.8/../../..] ==> dir [/usr/lib64/gcc/x86_64-suse-linux/4.8/../../..]
    arg [CMakeFiles/cmTC_33bdc.dir/CMakeCXXCompilerABI.cpp.o] ==> ignore
    arg [-lstdc++] ==> lib [stdc++]
    arg [-lm] ==> lib [m]
    arg [-lgcc_s] ==> lib [gcc_s]
    arg [-lgcc] ==> lib [gcc]
    arg [-lc] ==> lib [c]
    arg [-lgcc_s] ==> lib [gcc_s]
    arg [-lgcc] ==> lib [gcc]
    arg [/usr/lib64/gcc/x86_64-suse-linux/4.8/crtend.o] ==> ignore
    arg [/usr/lib64/gcc/x86_64-suse-linux/4.8/../../../../lib64/crtn.o] ==> ignore
  collapse library dir [/apps/t3/sles12sp2/free/gcc/8.3.0/lib64/../lib64] ==> [/apps/t3/sles12sp2/free/gcc/8.3.0/lib64]
  collapse library dir [/apps/t3/sles12sp2/free/cudnn/7.3/cuda/9.0/lib64/../lib64] ==> [/apps/t3/sles12sp2/free/cudnn/7.3/cuda/9.0/lib64]
  collapse library dir [/apps/t3/sles12sp2/cuda/9.1.85/extras/CUPTI/lib64/../lib64] ==> [/apps/t3/sles12sp2/cuda/9.1.85/extras/CUPTI/lib64]
  collapse library dir [/apps/t3/sles12sp2/cuda/9.1.85/lib64/../lib64] ==> [/apps/t3/sles12sp2/cuda/9.1.85/lib64]
  collapse library dir [/usr/lib64/gcc/x86_64-suse-linux/4.8] ==> [/usr/lib64/gcc/x86_64-suse-linux/4.8]
  collapse library dir [/usr/lib64/gcc/x86_64-suse-linux/4.8/../../../../lib64] ==> [/usr/lib64]
  collapse library dir [/lib/../lib64] ==> [/lib64]
  collapse library dir [/usr/lib/../lib64] ==> [/usr/lib64]
  collapse library dir [/apps/t3/sles12sp2/free/gcc/8.3.0/lib64] ==> [/apps/t3/sles12sp2/free/gcc/8.3.0/lib64]
  collapse library dir [/apps/t3/sles12sp2/free/cudnn/7.3/cuda/9.0/lib64] ==> [/apps/t3/sles12sp2/free/cudnn/7.3/cuda/9.0/lib64]
  collapse library dir [/apps/t3/sles12sp2/cuda/9.1.85/extras/CUPTI/lib64] ==> [/apps/t3/sles12sp2/cuda/9.1.85/extras/CUPTI/lib64]
  collapse library dir [/apps/t3/sles12sp2/cuda/9.1.85/lib64] ==> [/apps/t3/sles12sp2/cuda/9.1.85/lib64]
  collapse library dir [/apps/t3/sles12sp4/free/python/3.6.5/gcc4.8.5/lib] ==> [/apps/t3/sles12sp4/free/python/3.6.5/gcc4.8.5/lib]
  collapse library dir [/usr/lib64/gcc/x86_64-suse-linux/4.8/../../../../x86_64-suse-linux/lib] ==> [/usr/x86_64-suse-linux/lib]
  collapse library dir [/usr/lib64/gcc/x86_64-suse-linux/4.8/../../..] ==> [/usr/lib64]
  implicit libs: [stdc++;m;gcc_s;gcc;c;gcc_s;gcc]
  implicit dirs: [/apps/t3/sles12sp2/free/gcc/8.3.0/lib64;/apps/t3/sles12sp2/free/cudnn/7.3/cuda/9.0/lib64;/apps/t3/sles12sp2/cuda/9.1.85/extras/CUPTI/lib64;/apps/t3/sles12sp2/cuda/9.1.85/lib64;/usr/lib64/gcc/x86_64-suse-linux/4.8;/usr/lib64;/lib64;/apps/t3/sles12sp4/free/python/3.6.5/gcc4.8.5/lib;/usr/x86_64-suse-linux/lib]
  implicit fwks: []




Detecting CXX [-std=c++1y] compiler features compiled with the following output:
Change Dir: /home/9/16B02273/Sentencepiece_py/src/build_spm/CMakeFiles/CMakeTmp

Run Build Command(s):/usr/bin/gmake cmTC_755d5/fast && /usr/bin/gmake  -f CMakeFiles/cmTC_755d5.dir/build.make CMakeFiles/cmTC_755d5.dir/build
gmake[1]: Entering directory '/home/9/16B02273/Sentencepiece_py/src/build_spm/CMakeFiles/CMakeTmp'
Building CXX object CMakeFiles/cmTC_755d5.dir/feature_tests.cxx.o
/usr/bin/c++    -std=c++1y -o CMakeFiles/cmTC_755d5.dir/feature_tests.cxx.o -c /home/9/16B02273/Sentencepiece_py/src/build_spm/CMakeFiles/feature_tests.cxx
Linking CXX executable cmTC_755d5
/apps/t3/sles12sp2/gsic/cmake/3.17.2/bin/cmake -E cmake_link_script CMakeFiles/cmTC_755d5.dir/link.txt --verbose=1
/usr/bin/c++       -rdynamic CMakeFiles/cmTC_755d5.dir/feature_tests.cxx.o  -o cmTC_755d5 
gmake[1]: Leaving directory '/home/9/16B02273/Sentencepiece_py/src/build_spm/CMakeFiles/CMakeTmp'



    Feature record: CXX_FEATURE:1cxx_template_template_parameters
    Feature record: CXX_FEATURE:1cxx_alias_templates
    Feature record: CXX_FEATURE:1cxx_alignas
    Feature record: CXX_FEATURE:1cxx_alignof
    Feature record: CXX_FEATURE:1cxx_attributes
    Feature record: CXX_FEATURE:1cxx_auto_type
    Feature record: CXX_FEATURE:1cxx_constexpr
    Feature record: CXX_FEATURE:1cxx_decltype
    Feature record: CXX_FEATURE:1cxx_decltype_incomplete_return_types
    Feature record: CXX_FEATURE:1cxx_default_function_template_args
    Feature record: CXX_FEATURE:1cxx_defaulted_functions
    Feature record: CXX_FEATURE:1cxx_defaulted_move_initializers
    Feature record: CXX_FEATURE:1cxx_delegating_constructors
    Feature record: CXX_FEATURE:1cxx_deleted_functions
    Feature record: CXX_FEATURE:1cxx_enum_forward_declarations
    Feature record: CXX_FEATURE:1cxx_explicit_conversions
    Feature record: CXX_FEATURE:1cxx_extended_friend_declarations
    Feature record: CXX_FEATURE:1cxx_extern_templates
    Feature record: CXX_FEATURE:1cxx_final
    Feature record: CXX_FEATURE:1cxx_func_identifier
    Feature record: CXX_FEATURE:1cxx_generalized_initializers
    Feature record: CXX_FEATURE:1cxx_inheriting_constructors
    Feature record: CXX_FEATURE:1cxx_inline_namespaces
    Feature record: CXX_FEATURE:1cxx_lambdas
    Feature record: CXX_FEATURE:1cxx_local_type_template_args
    Feature record: CXX_FEATURE:1cxx_long_long_type
    Feature record: CXX_FEATURE:1cxx_noexcept
    Feature record: CXX_FEATURE:1cxx_nonstatic_member_init
    Feature record: CXX_FEATURE:1cxx_nullptr
    Feature record: CXX_FEATURE:1cxx_override
    Feature record: CXX_FEATURE:1cxx_range_for
    Feature record: CXX_FEATURE:1cxx_raw_string_literals
    Feature record: CXX_FEATURE:1cxx_reference_qualified_functions
    Feature record: CXX_FEATURE:1cxx_right_angle_brackets
    Feature record: CXX_FEATURE:1cxx_rvalue_references
    Feature record: CXX_FEATURE:1cxx_sizeof_member
    Feature record: CXX_FEATURE:1cxx_static_assert
    Feature record: CXX_FEATURE:1cxx_strong_enums
    Feature record: CXX_FEATURE:1cxx_thread_local
    Feature record: CXX_FEATURE:1cxx_trailing_return_types
    Feature record: CXX_FEATURE:1cxx_unicode_literals
    Feature record: CXX_FEATURE:1cxx_uniform_initialization
    Feature record: CXX_FEATURE:1cxx_unrestricted_unions
    Feature record: CXX_FEATURE:1cxx_user_literals
    Feature record: CXX_FEATURE:1cxx_variadic_macros
    Feature record: CXX_FEATURE:1cxx_variadic_templates
    Feature record: CXX_FEATURE:0cxx_aggregate_default_initializers
    Feature record: CXX_FEATURE:0cxx_attribute_deprecated
    Feature record: CXX_FEATURE:0cxx_binary_literals
    Feature record: CXX_FEATURE:0cxx_contextual_conversions
    Feature record: CXX_FEATURE:0cxx_decltype_auto
    Feature record: CXX_FEATURE:0cxx_digit_separators
    Feature record: CXX_FEATURE:0cxx_generic_lambdas
    Feature record: CXX_FEATURE:0cxx_lambda_init_captures
    Feature record: CXX_FEATURE:0cxx_relaxed_constexpr
    Feature record: CXX_FEATURE:0cxx_return_type_deduction
    Feature record: CXX_FEATURE:0cxx_variable_templates
Determining if the include file pthread.h exists passed with the following output:
Change Dir: /home/9/16B02273/Sentencepiece_py/src/build_spm/CMakeFiles/CMakeTmp

Run Build Command(s):/usr/bin/gmake cmTC_7a52a/fast && /usr/bin/gmake  -f CMakeFiles/cmTC_7a52a.dir/build.make CMakeFiles/cmTC_7a52a.dir/build
gmake[1]: Entering directory '/home/9/16B02273/Sentencepiece_py/src/build_spm/CMakeFiles/CMakeTmp'
Building C object CMakeFiles/cmTC_7a52a.dir/CheckIncludeFile.c.o
/usr/bin/cc    -o CMakeFiles/cmTC_7a52a.dir/CheckIncludeFile.c.o   -c /home/9/16B02273/Sentencepiece_py/src/build_spm/CMakeFiles/CMakeTmp/CheckIncludeFile.c
Linking C executable cmTC_7a52a
/apps/t3/sles12sp2/gsic/cmake/3.17.2/bin/cmake -E cmake_link_script CMakeFiles/cmTC_7a52a.dir/link.txt --verbose=1
/usr/bin/cc      -rdynamic CMakeFiles/cmTC_7a52a.dir/CheckIncludeFile.c.o  -o cmTC_7a52a 
gmake[1]: Leaving directory '/home/9/16B02273/Sentencepiece_py/src/build_spm/CMakeFiles/CMakeTmp'



Determining if the function pthread_create exists in the pthread passed with the following output:
Change Dir: /home/9/16B02273/Sentencepiece_py/src/build_spm/CMakeFiles/CMakeTmp

Run Build Command(s):/usr/bin/gmake cmTC_1927b/fast && /usr/bin/gmake  -f CMakeFiles/cmTC_1927b.dir/build.make CMakeFiles/cmTC_1927b.dir/build
gmake[1]: Entering directory '/home/9/16B02273/Sentencepiece_py/src/build_spm/CMakeFiles/CMakeTmp'
Building C object CMakeFiles/cmTC_1927b.dir/CheckFunctionExists.c.o
/usr/bin/cc   -DCHECK_FUNCTION_EXISTS=pthread_create   -o CMakeFiles/cmTC_1927b.dir/CheckFunctionExists.c.o   -c /apps/t3/sles12sp2/gsic/cmake/3.17.2/share/cmake-3.17/Modules/CheckFunctionExists.c
Linking C executable cmTC_1927b
/apps/t3/sles12sp2/gsic/cmake/3.17.2/bin/cmake -E cmake_link_script CMakeFiles/cmTC_1927b.dir/link.txt --verbose=1
/usr/bin/cc  -DCHECK_FUNCTION_EXISTS=pthread_create    -rdynamic CMakeFiles/cmTC_1927b.dir/CheckFunctionExists.c.o  -o cmTC_1927b  -lpthread 
gmake[1]: Leaving directory '/home/9/16B02273/Sentencepiece_py/src/build_spm/CMakeFiles/CMakeTmp'



